<?xml version="1.0" encoding="UTF-8"?>
<!-- Generated by org.testng.reporters.JUnitXMLReporter -->
<testsuite ignored="0" hostname="Hp_Ryzen" failures="0" tests="6" name="Default test" time="10.019" errors="0" timestamp="2024-09-10T12:20:46 IST">
  <testcase classname="api.test.DataDrivenTests" name="testPostuser" time="3.269"/>
  <testcase classname="api.test.DataDrivenTests" name="testPostuser" time="1.035"/>
  <testcase classname="api.test.DataDrivenTests" name="testPostuser" time="1.049"/>
  <testcase classname="api.test.DataDrivenTests" name="deleteUserByName" time="1.071"/>
  <testcase classname="api.test.DataDrivenTests" name="deleteUserByName" time="1.057"/>
  <testcase classname="api.test.DataDrivenTests" name="deleteUserByName" time="1.057"/>
</testsuite> <!-- Default test -->
