<?xml version="1.0" encoding="UTF-8"?>
<!-- Generated by org.testng.reporters.JUnitXMLReporter -->
<testsuite ignored="0" hostname="Hp_Ryzen" failures="0" tests="4" name="Test" time="11.755" errors="0" timestamp="2024-09-10T15:36:03 IST">
  <testcase classname="api.test.UserTests2" name="testPostUser" time="4.48"/>
  <testcase classname="api.test.UserTests2" name="testGetUserByName" time="1.317"/>
  <testcase classname="api.test.UserTests2" name="testUpdateUserByName" time="2.846"/>
  <testcase classname="api.test.UserTests2" name="testDeleteUserByName" time="1.53"/>
</testsuite> <!-- Test -->
