<?xml version="1.0" encoding="UTF-8"?>
<!-- Generated by org.testng.reporters.JUnitXMLReporter -->
<testsuite ignored="0" hostname="Hp_Ryzen" failures="0" tests="4" name="Test" time="21.693" errors="0" timestamp="2024-09-10T16:23:51 IST">
  <testcase classname="api.test.UserTests2" name="testPostUser" time="12.6"/>
  <testcase classname="api.test.UserTests2" name="testGetUserByName" time="2.819"/>
  <testcase classname="api.test.UserTests2" name="testUpdateUserByName" time="3.065"/>
  <testcase classname="api.test.UserTests2" name="testDeleteUserByName" time="1.743"/>
</testsuite> <!-- Test -->
